{"ts":"2026-03-27 02:13:42","method":"POST","uri":"/flower-store/cart_action.php","referer":"http://localhost/flower-store/shop","action":"add","product_id":6,"quantity":1,"post":{"action":"add","product_id":"6"},"get":[]}
{"ts":"2026-03-27 02:13:44","method":"POST","uri":"/flower-store/cart_action.php","referer":"http://localhost/flower-store/cart","action":"remove","product_id":6,"quantity":1,"post":{"action":"remove","product_id":"6","csrf_token":"56d874c2fc2d7e3bcc8bfad94113255be944fbb96e874cda0272492d360b644b"},"get":[]}
{"ts":"2026-03-27 02:14:48","method":"POST","uri":"/Flower-Store/cart_action.php","referer":"http://localhost/Flower-Store/shop","action":"add","product_id":6,"quantity":1,"post":{"action":"add","product_id":"6"},"get":[]}
{"ts":"2026-03-27 02:14:52","method":"POST","uri":"/Flower-Store/cart_action.php","referer":"http://localhost/Flower-Store/shop","action":"add","product_id":5,"quantity":1,"post":{"action":"add","product_id":"5"},"get":[]}
{"ts":"2026-03-27 02:14:55","method":"POST","uri":"/Flower-Store/cart_action.php","referer":"http://localhost/Flower-Store/cart","action":"remove","product_id":6,"quantity":1,"post":{"action":"remove","product_id":"6","csrf_token":"8a5211f4b20b6cc149b45775e5051fc95f9b6f57f9df93e19953923983b933f2"},"get":[]}
{"ts":"2026-03-27 02:14:56","method":"POST","uri":"/Flower-Store/cart_action.php","referer":"http://localhost/Flower-Store/cart","action":"remove","product_id":5,"quantity":1,"post":{"action":"remove","product_id":"5","csrf_token":"8a5211f4b20b6cc149b45775e5051fc95f9b6f57f9df93e19953923983b933f2"},"get":[]}
{"ts":"2026-03-27 02:15:00","method":"POST","uri":"/Flower-Store/cart_action.php","referer":"http://localhost/Flower-Store/shop","action":"add","product_id":6,"quantity":1,"post":{"action":"add","product_id":"6"},"get":[]}
{"ts":"2026-03-27 02:24:15","method":"POST","uri":"/Flower-Store/cart_action.php","referer":"http://localhost/Flower-Store/shop","action":"add","product_id":4,"quantity":1,"post":{"action":"add","product_id":"4"},"get":[]}
{"ts":"2026-03-27 02:30:56","method":"POST","uri":"/Flower-Store/cart_action.php","referer":"http://localhost/Flower-Store/product?id=6","action":"add","product_id":6,"quantity":1,"post":{"action":"add","product_id":"6","quantity":"1"},"get":[]}
{"ts":"2026-03-27 02:32:59","method":"POST","uri":"/Flower-Store/cart_action.php","referer":"http://localhost/Flower-Store/product?id=5","action":"add","product_id":5,"quantity":1,"post":{"action":"add","product_id":"5","quantity":"1"},"get":[]}
{"ts":"2026-03-27 02:40:12","method":"POST","uri":"/flower-store/cart_action.php","referer":"http://localhost/flower-store/shop","action":"add","product_id":6,"quantity":1,"post":{"action":"add","product_id":"6"},"get":[]}
{"ts":"2026-03-27 19:27:59","method":"POST","uri":"/flower-store/cart_action.php","referer":"http://localhost/flower-store/shop","action":"add","product_id":6,"quantity":1,"post":{"action":"add","product_id":"6"},"get":[]}
{"ts":"2026-03-27 19:29:39","method":"POST","uri":"/flower-store/cart_action.php","referer":"http://localhost/flower-store/shop","action":"add","product_id":6,"quantity":1,"post":{"action":"add","product_id":"6"},"get":[]}
{"ts":"2026-03-27 19:30:09","method":"POST","uri":"/flower-store/cart_action.php","referer":"http://localhost/flower-store/shop","action":"add","product_id":5,"quantity":1,"post":{"action":"add","product_id":"5"},"get":[]}
{"ts":"2026-03-27 19:30:21","method":"POST","uri":"/flower-store/cart_action.php","referer":"http://localhost/flower-store/product?id=6","action":"add","product_id":6,"quantity":1,"post":{"action":"add","product_id":"6","quantity":"1"},"get":[]}
{"ts":"2026-03-27 19:36:42","method":"POST","uri":"/flower-store/cart_action.php","referer":"http://localhost/flower-store/product?id=6","action":"add","product_id":6,"quantity":1,"post":{"action":"add","product_id":"6","quantity":"1"},"get":[]}
{"ts":"2026-03-27 19:44:13","method":"POST","uri":"/flower-store/cart_action.php","referer":"http://localhost/flower-store/product?id=6","action":"add","product_id":6,"quantity":1,"post":{"action":"add","product_id":"6","quantity":"1"},"get":[]}
{"ts":"2026-03-27 19:44:15","method":"POST","uri":"/flower-store/cart_action.php","referer":"http://localhost/flower-store/cart","action":"update","product_id":6,"quantity":5,"post":{"action":"update","product_id":"6","quantity":"5"},"get":[]}
{"ts":"2026-03-27 19:44:16","method":"POST","uri":"/flower-store/cart_action.php","referer":"http://localhost/flower-store/cart","action":"update","product_id":6,"quantity":5,"post":{"action":"update","product_id":"6","quantity":"5"},"get":[]}
{"ts":"2026-03-27 19:44:17","method":"POST","uri":"/flower-store/cart_action.php","referer":"http://localhost/flower-store/cart","action":"update","product_id":6,"quantity":5,"post":{"action":"update","product_id":"6","quantity":"5"},"get":[]}
{"ts":"2026-03-27 19:44:18","method":"POST","uri":"/flower-store/cart_action.php","referer":"http://localhost/flower-store/cart","action":"update","product_id":6,"quantity":5,"post":{"action":"update","product_id":"6","quantity":"5"},"get":[]}
{"ts":"2026-03-27 19:44:21","method":"POST","uri":"/flower-store/cart_action.php","referer":"http://localhost/flower-store/cart","action":"update","product_id":6,"quantity":1,"post":{"action":"update","product_id":"6","quantity":"1"},"get":[]}
{"ts":"2026-03-27 19:44:25","method":"POST","uri":"/flower-store/cart_action.php","referer":"http://localhost/flower-store/cart","action":"update","product_id":6,"quantity":4,"post":{"action":"update","product_id":"6","quantity":"4"},"get":[]}
{"ts":"2026-03-27 19:44:26","method":"POST","uri":"/flower-store/cart_action.php","referer":"http://localhost/flower-store/cart","action":"update","product_id":6,"quantity":4,"post":{"action":"update","product_id":"6","quantity":"4"},"get":[]}
{"ts":"2026-03-27 19:44:30","method":"POST","uri":"/flower-store/cart_action.php","referer":"http://localhost/flower-store/cart","action":"update","product_id":6,"quantity":4,"post":{"action":"update","product_id":"6","quantity":"4"},"get":[]}
{"ts":"2026-03-27 19:44:32","method":"POST","uri":"/flower-store/cart_action.php","referer":"http://localhost/flower-store/cart","action":"update","product_id":6,"quantity":4,"post":{"action":"update","product_id":"6","quantity":"4"},"get":[]}
{"ts":"2026-03-27 19:44:37","method":"POST","uri":"/flower-store/cart_action.php","referer":"http://localhost/flower-store/cart","action":"update","product_id":6,"quantity":4,"post":{"action":"update","product_id":"6","quantity":"4"},"get":[]}
{"ts":"2026-03-27 19:44:44","method":"POST","uri":"/flower-store/cart_action.php","referer":"http://localhost/flower-store/cart","action":"remove","product_id":6,"quantity":1,"post":{"action":"remove","product_id":"6","csrf_token":"574dd0450c3d41bbe8a86158c71328f34f08f0fbb4494bd540da32612c1cd2b4"},"get":[]}
{"ts":"2026-03-27 19:44:49","method":"POST","uri":"/flower-store/cart_action.php","referer":"http://localhost/flower-store/shop","action":"add","product_id":6,"quantity":1,"post":{"action":"add","product_id":"6"},"get":[]}
{"ts":"2026-03-27 20:46:24","method":"POST","uri":"/flower-store/cart_action.php","referer":"http://localhost/flower-store/product?id=6","action":"add","product_id":6,"quantity":1,"post":{"action":"add","product_id":"6","quantity":"1"},"get":[]}
{"ts":"2026-03-27 20:46:27","method":"POST","uri":"/flower-store/cart_action.php","referer":"http://localhost/flower-store/cart","action":"update","product_id":6,"quantity":1,"post":{"action":"update","product_id":"6","quantity":"1"},"get":[]}
{"ts":"2026-03-27 20:50:11","method":"POST","uri":"/flower-store/cart_action.php","referer":"http://localhost/flower-store/cart","action":"update","product_id":6,"quantity":1,"post":{"action":"update","product_id":"6","quantity":"1"},"get":[]}
{"ts":"2026-03-27 20:55:55","method":"POST","uri":"/flower-store/cart_action.php","referer":"http://localhost/flower-store/cart?lang=en","action":"update","product_id":6,"quantity":1,"post":{"action":"update","product_id":"6","csrf_token":"574dd0450c3d41bbe8a86158c71328f34f08f0fbb4494bd540da32612c1cd2b4","quantity":"1"},"get":[]}
{"ts":"2026-03-27 20:55:58","method":"POST","uri":"/flower-store/cart_action.php","referer":"http://localhost/flower-store/cart","action":"update","product_id":6,"quantity":1,"post":{"action":"update","product_id":"6","csrf_token":"574dd0450c3d41bbe8a86158c71328f34f08f0fbb4494bd540da32612c1cd2b4","quantity":"1"},"get":[]}
{"ts":"2026-03-27 20:55:59","method":"POST","uri":"/flower-store/cart_action.php","referer":"http://localhost/flower-store/cart","action":"update","product_id":6,"quantity":2,"post":{"action":"update","product_id":"6","csrf_token":"574dd0450c3d41bbe8a86158c71328f34f08f0fbb4494bd540da32612c1cd2b4","quantity":"2"},"get":[]}
{"ts":"2026-03-27 20:56:00","method":"POST","uri":"/flower-store/cart_action.php","referer":"http://localhost/flower-store/cart","action":"update","product_id":6,"quantity":2,"post":{"action":"update","product_id":"6","csrf_token":"574dd0450c3d41bbe8a86158c71328f34f08f0fbb4494bd540da32612c1cd2b4","quantity":"2"},"get":[]}
{"ts":"2026-03-27 20:56:02","method":"POST","uri":"/flower-store/cart_action.php","referer":"http://localhost/flower-store/cart","action":"update","product_id":6,"quantity":2,"post":{"action":"update","product_id":"6","csrf_token":"574dd0450c3d41bbe8a86158c71328f34f08f0fbb4494bd540da32612c1cd2b4","quantity":"2"},"get":[]}
{"ts":"2026-03-27 20:56:04","method":"POST","uri":"/flower-store/cart_action.php","referer":"http://localhost/flower-store/cart","action":"update","product_id":6,"quantity":1,"post":{"action":"update","product_id":"6","csrf_token":"574dd0450c3d41bbe8a86158c71328f34f08f0fbb4494bd540da32612c1cd2b4","quantity":"1"},"get":[]}
{"ts":"2026-03-27 21:06:11","method":"POST","uri":"/flower-store/cart_action.php","referer":"http://localhost/flower-store/product?id=6","action":"add","product_id":6,"quantity":1,"post":{"action":"add","product_id":"6","quantity":"1"},"get":[]}
{"ts":"2026-03-27 21:06:15","method":"POST","uri":"/flower-store/cart_action.php","referer":"http://localhost/flower-store/cart","action":"update","product_id":6,"quantity":4,"post":{"action":"update","product_id":"6","csrf_token":"3f01e4de6b7158f9dbcde7110ea9904b555ba49398161f9eaf5af7b64f3b1f3c","quantity":"4"},"get":[]}
{"ts":"2026-03-27 21:06:16","method":"POST","uri":"/flower-store/cart_action.php","referer":"http://localhost/flower-store/cart","action":"remove","product_id":6,"quantity":1,"post":{"action":"remove","product_id":"6","csrf_token":"3f01e4de6b7158f9dbcde7110ea9904b555ba49398161f9eaf5af7b64f3b1f3c"},"get":[]}
{"ts":"2026-03-27 21:06:33","method":"POST","uri":"/flower-store/cart_action.php","referer":"http://localhost/flower-store/product?id=6","action":"add","product_id":6,"quantity":1,"post":{"action":"add","product_id":"6","quantity":"1"},"get":[]}
{"ts":"2026-03-27 21:06:35","method":"POST","uri":"/flower-store/cart_action.php","referer":"http://localhost/flower-store/cart","action":"remove","product_id":6,"quantity":1,"post":{"action":"remove","product_id":"6","csrf_token":"3f01e4de6b7158f9dbcde7110ea9904b555ba49398161f9eaf5af7b64f3b1f3c"},"get":[]}
{"ts":"2026-03-27 21:31:34","method":"POST","uri":"/flower-store/cart_action.php","referer":"http://localhost/flower-store/product?id=6","action":"add","product_id":6,"quantity":1,"post":{"action":"add","product_id":"6","quantity":"1"},"get":[]}
{"ts":"2026-03-27 21:32:04","method":"POST","uri":"/flower-store/cart_action.php","referer":"http://localhost/flower-store/product?id=6","action":"add","product_id":6,"quantity":1,"post":{"action":"add","product_id":"6","quantity":"1"},"get":[]}
{"ts":"2026-03-27 21:32:35","method":"POST","uri":"/flower-store/cart_action.php","referer":"http://localhost/flower-store/product?id=6","action":"add","product_id":6,"quantity":1,"post":{"action":"add","product_id":"6","quantity":"1"},"get":[]}
{"ts":"2026-03-31 17:55:55","method":"POST","uri":"/flower-store/cart_action.php","referer":"http://localhost/flower-store/shop","action":"add","product_id":6,"quantity":1,"post":{"action":"add","product_id":"6"},"get":[]}
{"ts":"2026-03-31 17:55:58","method":"POST","uri":"/flower-store/cart_action.php","referer":"http://localhost/flower-store/cart","action":"update","product_id":6,"quantity":2,"post":{"action":"update","product_id":"6","csrf_token":"292bad2de1fe13a4a3908b3e6a4dee463ded7d72b7a6ae32e4704de4248c3acc","quantity":"2"},"get":[]}
{"ts":"2026-03-31 17:56:00","method":"POST","uri":"/flower-store/cart_action.php","referer":"http://localhost/flower-store/cart","action":"update","product_id":6,"quantity":1,"post":{"action":"update","product_id":"6","csrf_token":"292bad2de1fe13a4a3908b3e6a4dee463ded7d72b7a6ae32e4704de4248c3acc","quantity":"1"},"get":[]}
